<?xml version="1.0" encoding="UTF-8"?>
<!-- Generated by org.testng.reporters.JUnitXMLReporter -->
<testsuite ignored="0" hostname="Prakash-KT" failures="1" tests="11" name="Chwwrome Browser Test" time="94.652" errors="0" timestamp="2023-01-05T16:59:27 IST">
  <testcase classname="com.ecommerce.testCases.HomeTest" name="homePageTitleTest" time="0.393">
    <failure type="com.microsoft.playwright.PlaywrightException" message="Error {
  message=&amp;apos;Execution context was destroyed, most likely because of a navigation
  name=&amp;apos;Error
  stack=&amp;apos;Error: Execution context was destroyed, most likely because of a navigation
    at Frame._contextDestroyed (C:\Users\PRAKAS~1\AppData\Local\Temp\playwright-java-3631382120855469326\package\lib\server\frames.js:1708:30)
    at FrameSession._onExecutionContextDestroyed (C:\Users\PRAKAS~1\AppData\Local\Temp\playwright-java-3631382120855469326\package\lib\server\chromium\crPage.js:759:19)
    at FrameSession._onExecutionContextsCleared (C:\Users\PRAKAS~1\AppData\Local\Temp\playwright-java-3631382120855469326\package\lib\server\chromium\crPage.js:763:79)
    at CRSession.&amp;lt;anonymous&amp;gt; (C:\Users\PRAKAS~1\AppData\Local\Temp\playwright-java-3631382120855469326\package\lib\server\chromium\crPage.js:484:1955)
    at CRSession.emit (node:events:513:28)
    at C:\Users\PRAKAS~1\AppData\Local\Temp\playwright-java-3631382120855469326\package\lib\server\chromium\crConnection.js:232:14
}">
      <![CDATA[com.microsoft.playwright.PlaywrightException: Error {
  message='Execution context was destroyed, most likely because of a navigation
  name='Error
  stack='Error: Execution context was destroyed, most likely because of a navigation
    at Frame._contextDestroyed (C:\Users\PRAKAS~1\AppData\Local\Temp\playwright-java-3631382120855469326\package\lib\server\frames.js:1708:30)
    at FrameSession._onExecutionContextDestroyed (C:\Users\PRAKAS~1\AppData\Local\Temp\playwright-java-3631382120855469326\package\lib\server\chromium\crPage.js:759:19)
    at FrameSession._onExecutionContextsCleared (C:\Users\PRAKAS~1\AppData\Local\Temp\playwright-java-3631382120855469326\package\lib\server\chromium\crPage.js:763:79)
    at CRSession.<anonymous> (C:\Users\PRAKAS~1\AppData\Local\Temp\playwright-java-3631382120855469326\package\lib\server\chromium\crPage.js:484:1955)
    at CRSession.emit (node:events:513:28)
    at C:\Users\PRAKAS~1\AppData\Local\Temp\playwright-java-3631382120855469326\package\lib\server\chromium\crConnection.js:232:14
}
at com.microsoft.playwright.impl.WaitableResult.get(WaitableResult.java:54)
at com.microsoft.playwright.impl.ChannelOwner.runUntil(ChannelOwner.java:111)
at com.microsoft.playwright.impl.Connection.sendMessage(Connection.java:113)
at com.microsoft.playwright.impl.ChannelOwner.sendMessage(ChannelOwner.java:102)
at com.microsoft.playwright.impl.ChannelOwner.sendMessage(ChannelOwner.java:98)
at com.microsoft.playwright.impl.FrameImpl.titleImpl(FrameImpl.java:818)
at com.microsoft.playwright.impl.PageImpl.lambda$title$78(PageImpl.java:1247)
at com.microsoft.playwright.impl.LoggingSupport.withLogging(LoggingSupport.java:47)
at com.microsoft.playwright.impl.ChannelOwner.withLogging(ChannelOwner.java:87)
at com.microsoft.playwright.impl.PageImpl.title(PageImpl.java:1247)
at com.ecommerce.pages.Homepage.getHomePageTitle(Homepage.java:17)
at com.ecommerce.testCases.HomeTest.homePageTitleTest(HomeTest.java:14)
at java.base/java.util.ArrayList.forEach(ArrayList.java:1511)
at java.base/java.util.concurrent.FutureTask.run(FutureTask.java:264)
at java.base/java.util.concurrent.ThreadPoolExecutor.runWorker(ThreadPoolExecutor.java:1136)
at java.base/java.util.concurrent.ThreadPoolExecutor$Worker.run(ThreadPoolExecutor.java:635)
at java.base/java.lang.Thread.run(Thread.java:833)
Caused by: com.microsoft.playwright.impl.DriverException: Error {
  message='Execution context was destroyed, most likely because of a navigation
  name='Error
  stack='Error: Execution context was destroyed, most likely because of a navigation
    at Frame._contextDestroyed (C:\Users\PRAKAS~1\AppData\Local\Temp\playwright-java-3631382120855469326\package\lib\server\frames.js:1708:30)
    at FrameSession._onExecutionContextDestroyed (C:\Users\PRAKAS~1\AppData\Local\Temp\playwright-java-3631382120855469326\package\lib\server\chromium\crPage.js:759:19)
    at FrameSession._onExecutionContextsCleared (C:\Users\PRAKAS~1\AppData\Local\Temp\playwright-java-3631382120855469326\package\lib\server\chromium\crPage.js:763:79)
    at CRSession.<anonymous> (C:\Users\PRAKAS~1\AppData\Local\Temp\playwright-java-3631382120855469326\package\lib\server\chromium\crPage.js:484:1955)
    at CRSession.emit (node:events:513:28)
    at C:\Users\PRAKAS~1\AppData\Local\Temp\playwright-java-3631382120855469326\package\lib\server\chromium\crConnection.js:232:14
}
at com.microsoft.playwright.impl.Connection.dispatch(Connection.java:195)
at com.microsoft.playwright.impl.Connection.processOneMessage(Connection.java:175)
at com.microsoft.playwright.impl.ChannelOwner.runUntil(ChannelOwner.java:109)
at com.microsoft.playwright.impl.Connection.sendMessage(Connection.java:113)
at com.microsoft.playwright.impl.ChannelOwner.sendMessage(ChannelOwner.java:102)
at com.microsoft.playwright.impl.PageImpl.screenshotImpl(PageImpl.java:1132)
at com.microsoft.playwright.impl.PageImpl.lambda$screenshot$63(PageImpl.java:1071)
at com.microsoft.playwright.impl.LoggingSupport.withLogging(LoggingSupport.java:47)
at com.microsoft.playwright.impl.ChannelOwner.withLogging(ChannelOwner.java:87)
at com.microsoft.playwright.impl.PageImpl.screenshot(PageImpl.java:1071)
at com.ecommerce.factory.PlaywrightFactory.takeScreenshot(PlaywrightFactory.java:54)
at com.ecommerce.utilities.ExtentReportListener.onTestSkipped(ExtentReportListener.java:104)
... 17 more
... Removed 22 stack frames]]>
    </failure>
  </testcase> <!-- homePageTitleTest -->
  <testcase classname="com.ecommerce.testCases.HomeTest" name="homePageUrlTest" time="0.566"/>
  <testcase classname="com.ecommerce.testCases.HomeTest" name="homePageLogoTest" time="0.57"/>
  <testcase classname="com.ecommerce.testCases.StorePageTest" name="navigateToStorePageTest" time="1.459"/>
  <testcase classname="com.ecommerce.testCases.StorePageTest" name="storePageUrlTest" time="0.003"/>
  <testcase classname="com.ecommerce.testCases.StorePageTest" name="searchProductTest" time="11.68"/>
  <testcase classname="com.ecommerce.testCases.StorePageTest" name="addToCartTest" time="5.168"/>
  <testcase classname="com.ecommerce.testCases.CartPageTest" name="navigateToCartPageTest" time="2.855"/>
  <testcase classname="com.ecommerce.testCases.CartPageTest" name="applyCouponCodeTest" time="1.607"/>
  <testcase classname="com.ecommerce.testCases.CheckoutPageTest" name="proceedToCheckout" time="3.319"/>
  <testcase classname="com.ecommerce.testCases.CheckoutPageTest" name="checkoutPageplaceOrderTest" time="10.532"/>
</testsuite> <!-- Chwwrome Browser Test -->
