<?xml version="1.0" encoding="UTF-8"?>
<!-- Generated by org.testng.reporters.JUnitXMLReporter -->
<testsuite ignored="2" hostname="Prakash-KT" failures="2" tests="5" name="chromiumTest" time="20.383" errors="0" timestamp="2022-12-26T16:23:59 IST">
  <testcase classname="com.ecommerce.testCases.HomeTest" name="verifyLogoTest" time="0.155"/>
  <testcase classname="com.ecommerce.testCases.HomeTest" name="verifyTitleTest" time="0.009"/>
  <testcase classname="com.ecommerce.testCases.HomeTest" name="verifyUrlTest" time="0.004"/>
  <testcase classname="com.ecommerce.testCases.StorePageTest" name="navigateToStoreTest" time="0.003">
    <failure type="java.lang.NullPointerException" message="Cannot invoke &amp;quot;com.ecommerce.pages.Homepage.clickStoreTab()&amp;quot; because &amp;quot;this.homePage&amp;quot; is null">
      <![CDATA[java.lang.NullPointerException: Cannot invoke "com.ecommerce.pages.Homepage.clickStoreTab()" because "this.homePage" is null
at com.ecommerce.testCases.StorePageTest.navigateToStoreTest(StorePageTest.java:13)
at java.base/java.util.ArrayList.forEach(ArrayList.java:1511)
at java.base/java.util.concurrent.FutureTask.run(FutureTask.java:264)
at java.base/java.util.concurrent.ThreadPoolExecutor.runWorker(ThreadPoolExecutor.java:1136)
at java.base/java.util.concurrent.ThreadPoolExecutor$Worker.run(ThreadPoolExecutor.java:635)
at java.base/java.lang.Thread.run(Thread.java:833)
... Removed 18 stack frames]]>
    </failure>
  </testcase> <!-- navigateToStoreTest -->
  <testcase classname="com.ecommerce.testCases.StorePageTest" name="verifyUrlTest" time="0.001">
    <failure type="java.lang.NullPointerException" message="Cannot invoke &amp;quot;com.ecommerce.pages.StorePage.getStorePageUrl()&amp;quot; because &amp;quot;this.storePage&amp;quot; is null">
      <![CDATA[java.lang.NullPointerException: Cannot invoke "com.ecommerce.pages.StorePage.getStorePageUrl()" because "this.storePage" is null
at com.ecommerce.testCases.StorePageTest.verifyUrlTest(StorePageTest.java:20)
at java.base/java.util.ArrayList.forEach(ArrayList.java:1511)
at java.base/java.util.concurrent.FutureTask.run(FutureTask.java:264)
at java.base/java.util.concurrent.ThreadPoolExecutor.runWorker(ThreadPoolExecutor.java:1136)
at java.base/java.util.concurrent.ThreadPoolExecutor$Worker.run(ThreadPoolExecutor.java:635)
at java.base/java.lang.Thread.run(Thread.java:833)
... Removed 18 stack frames]]>
    </failure>
  </testcase> <!-- verifyUrlTest -->
  <testcase classname="com.ecommerce.pages.BaseTest" name="@AfterTest tearDown" time="0.0">
    <ignored/>
  </testcase> <!-- @AfterTest tearDown -->
  <testcase classname="com.ecommerce.pages.BaseTest" name="@BeforeTest setup" time="0.0">
    <ignored/>
  </testcase> <!-- @BeforeTest setup -->
</testsuite> <!-- chromiumTest -->
